ffmpeg version git-2019-11-13-a7245ad Copyright (c) 2000-2019 the FFmpeg developers
  built with gcc 9.2.1 (GCC) 20191010
  configuration: --enable-gpl --enable-version3 --enable-sdl2 --enable-fontconfig --enable-gnutls --enable-iconv --enable-libass --enable-libdav1d --enable-libbluray --enable-libfreetype --enable-libmp3lame --enable-libopencore-amrnb --enable-libopencore-amrwb --enable-libopenjpeg --enable-libopus --enable-libshine --enable-libsnappy --enable-libsoxr --enable-libtheora --enable-libtwolame --enable-libvpx --enable-libwavpack --enable-libwebp --enable-libx264 --enable-libx265 --enable-libxml2 --enable-libzimg --enable-lzma --enable-zlib --enable-gmp --enable-libvidstab --enable-libvorbis --enable-libvo-amrwbenc --enable-libmysofa --enable-libspeex --enable-libxvid --enable-libaom --enable-libmfx --enable-ffnvcodec --enable-cuvid --enable-d3d11va --enable-nvenc --enable-nvdec --enable-dxva2 --enable-avisynth --enable-libopenmpt --enable-amf
  libavutil      56. 35.101 / 56. 35.101
  libavcodec     58. 62.100 / 58. 62.100
  libavformat    58. 35.100 / 58. 35.100
  libavdevice    58.  9.100 / 58.  9.100
  libavfilter     7. 66.100 /  7. 66.100
  libswscale      5.  6.100 /  5.  6.100
  libswresample   3.  6.100 /  3.  6.100
  libpostproc    55.  6.100 / 55.  6.100
Splitting the commandline.
Reading option '-v' ... matched as option 'v' (set logging level) with argument 'debug'.
Reading option '-nostdin' ... matched as option 'stdin' (enable or disable interaction on standard input) with argument 0.
Reading option '-progress' ... matched as option 'progress' (write program-readable progress information) with argument 'C:/Users/Adit/AppData/Local/Temp/KritaFFmpegProgress.nDBudI'.
Reading option '-r' ... matched as option 'r' (set frame rate (Hz value, fraction or abbreviation)) with argument '24'.
Reading option '-start_number' ... matched as AVOption 'start_number' with argument '0'.
Reading option '-i' ... matched as input url with argument 'E:/FMP/Kazi's Stuffs/Animations/LaserFX%04d.png'.
Reading option '-i' ... matched as input url with argument 'E:/FMP/Kazi's Stuffs/Animations/palette.png'.
Reading option '-lavfi' ... matched as option 'lavfi' (create a complex filtergraph) with argument '[0:v][1:v] paletteuse'.
Reading option '-y' ... matched as option 'y' (overwrite output files) with argument '1'.
Reading option 'E:/FMP/Kazi's Stuffs/Animations/Bed Death.gif' ... matched as output url.
Finished splitting the commandline.
Parsing a group of options: global .
Applying option v (set logging level) with argument debug.
Applying option nostdin (enable or disable interaction on standard input) with argument 0.
Applying option progress (write program-readable progress information) with argument C:/Users/Adit/AppData/Local/Temp/KritaFFmpegProgress.nDBudI.
[file @ 000001d0b9a2de40] Setting default whitelist 'file,crypto'
Applying option lavfi (create a complex filtergraph) with argument [0:v][1:v] paletteuse.
Applying option y (overwrite output files) with argument 1.
Successfully parsed a group of options.
Parsing a group of options: input url E:/FMP/Kazi's Stuffs/Animations/LaserFX%04d.png.
Applying option r (set frame rate (Hz value, fraction or abbreviation)) with argument 24.
Successfully parsed a group of options.
Opening an input file: E:/FMP/Kazi's Stuffs/Animations/LaserFX%04d.png.
[image2 @ 000001d0b9a6e280] Opening 'E:/FMP/Kazi's Stuffs/Animations/LaserFX0000.png' for reading
[file @ 000001d0b9a71a00] Setting default whitelist 'file,crypto'
[AVIOContext @ 000001d0b9a79bc0] Statistics: 58114 bytes read, 0 seeks
[image2 @ 000001d0b9a6e280] Opening 'E:/FMP/Kazi's Stuffs/Animations/LaserFX0001.png' for reading
[file @ 000001d0b9a88200] Setting default whitelist 'file,crypto'
[AVIOContext @ 000001d0b9a79840] Statistics: 58114 bytes read, 0 seeks
[image2 @ 000001d0b9a6e280] Opening 'E:/FMP/Kazi's Stuffs/Animations/LaserFX0002.png' for reading
[file @ 000001d0b9aa1e00] Setting default whitelist 'file,crypto'
[AVIOContext @ 000001d0b9a79840] Statistics: 68193 bytes read, 0 seeks
[image2 @ 000001d0b9a6e280] Opening 'E:/FMP/Kazi's Stuffs/Animations/LaserFX0003.png' for reading
[file @ 000001d0b9a79840] Setting default whitelist 'file,crypto'
[AVIOContext @ 000001d0b9a79a00] Statistics: 68193 bytes read, 0 seeks
[image2 @ 000001d0b9a6e280] Opening 'E:/FMP/Kazi's Stuffs/Animations/LaserFX0004.png' for reading
[file @ 000001d0b9a79bc0] Setting default whitelist 'file,crypto'
[AVIOContext @ 000001d0b9a79a00] Statistics: 93557 bytes read, 0 seeks
[image2 @ 000001d0b9a6e280] Opening 'E:/FMP/Kazi's Stuffs/Animations/LaserFX0005.png' for reading
[file @ 000001d0b9a79a00] Setting default whitelist 'file,crypto'
[AVIOContext @ 000001d0b9ada3c0] Statistics: 93557 bytes read, 0 seeks
[image2 @ 000001d0b9a6e280] Opening 'E:/FMP/Kazi's Stuffs/Animations/LaserFX0006.png' for reading
[file @ 000001d0b9ada3c0] Setting default whitelist 'file,crypto'
[AVIOContext @ 000001d0b9ada480] Statistics: 112087 bytes read, 0 seeks
[image2 @ 000001d0b9a6e280] Opening 'E:/FMP/Kazi's Stuffs/Animations/LaserFX0007.png' for reading
[file @ 000001d0ba663600] Setting default whitelist 'file,crypto'
[AVIOContext @ 000001d0ba6636c0] Statistics: 112087 bytes read, 0 seeks
[image2 @ 000001d0b9a6e280] Opening 'E:/FMP/Kazi's Stuffs/Animations/LaserFX0008.png' for reading
[file @ 000001d0ba663680] Setting default whitelist 'file,crypto'
[AVIOContext @ 000001d0b9ada400] Statistics: 109409 bytes read, 0 seeks
[image2 @ 000001d0b9a6e280] Opening 'E:/FMP/Kazi's Stuffs/Animations/LaserFX0009.png' for reading
[file @ 000001d0b9ada400] Setting default whitelist 'file,crypto'
[AVIOContext @ 000001d0b9ada500] Statistics: 109409 bytes read, 0 seeks
[image2 @ 000001d0b9a6e280] Opening 'E:/FMP/Kazi's Stuffs/Animations/LaserFX0010.png' for reading
[file @ 000001d0b9ada4c0] Setting default whitelist 'file,crypto'
[AVIOContext @ 000001d0b9ada6c0] Statistics: 105937 bytes read, 0 seeks
[image2 @ 000001d0b9a6e280] Opening 'E:/FMP/Kazi's Stuffs/Animations/LaserFX0011.png' for reading
[file @ 000001d0b9ada6c0] Setting default whitelist 'file,crypto'
[AVIOContext @ 000001d0b9ada780] Statistics: 105937 bytes read, 0 seeks
[image2 @ 000001d0b9a6e280] Opening 'E:/FMP/Kazi's Stuffs/Animations/LaserFX0012.png' for reading
[file @ 000001d0b9ada6c0] Setting default whitelist 'file,crypto'
[AVIOContext @ 000001d0b9ada780] Statistics: 103274 bytes read, 0 seeks
[image2 @ 000001d0b9a6e280] Opening 'E:/FMP/Kazi's Stuffs/Animations/LaserFX0013.png' for reading
[file @ 000001d0b9ada6c0] Setting default whitelist 'file,crypto'
[AVIOContext @ 000001d0b9ada780] Statistics: 103274 bytes read, 0 seeks
[image2 @ 000001d0b9a6e280] Opening 'E:/FMP/Kazi's Stuffs/Animations/LaserFX0014.png' for reading
[file @ 000001d0b9ada6c0] Setting default whitelist 'file,crypto'
[AVIOContext @ 000001d0b9ada780] Statistics: 102607 bytes read, 0 seeks
[image2 @ 000001d0b9a6e280] Opening 'E:/FMP/Kazi's Stuffs/Animations/LaserFX0015.png' for reading
[file @ 000001d0b9ada6c0] Setting default whitelist 'file,crypto'
[AVIOContext @ 000001d0b9ada780] Statistics: 102607 bytes read, 0 seeks
[image2 @ 000001d0b9a6e280] Opening 'E:/FMP/Kazi's Stuffs/Animations/LaserFX0016.png' for reading
[file @ 000001d0b9ada6c0] Setting default whitelist 'file,crypto'
[AVIOContext @ 000001d0b9ada780] Statistics: 102653 bytes read, 0 seeks
[image2 @ 000001d0b9a6e280] Opening 'E:/FMP/Kazi's Stuffs/Animations/LaserFX0017.png' for reading
[file @ 000001d0b9ada6c0] Setting default whitelist 'file,crypto'
[AVIOContext @ 000001d0b9ada780] Statistics: 102653 bytes read, 0 seeks
[image2 @ 000001d0b9a6e280] Opening 'E:/FMP/Kazi's Stuffs/Animations/LaserFX0018.png' for reading
[file @ 000001d0b9ada6c0] Setting default whitelist 'file,crypto'
[AVIOContext @ 000001d0b9ada780] Statistics: 102653 bytes read, 0 seeks
[image2 @ 000001d0b9a6e280] Opening 'E:/FMP/Kazi's Stuffs/Animations/LaserFX0019.png' for reading
[file @ 000001d0b9ada6c0] Setting default whitelist 'file,crypto'
[AVIOContext @ 000001d0b9ada780] Statistics: 102653 bytes read, 0 seeks
[image2 @ 000001d0b9a6e280] Opening 'E:/FMP/Kazi's Stuffs/Animations/LaserFX0020.png' for reading
[file @ 000001d0b9ada6c0] Setting default whitelist 'file,crypto'
[AVIOContext @ 000001d0b9ada780] Statistics: 102653 bytes read, 0 seeks
[image2 @ 000001d0b9a6e280] Opening 'E:/FMP/Kazi's Stuffs/Animations/LaserFX0021.png' for reading
[file @ 000001d0b9ada6c0] Setting default whitelist 'file,crypto'
[AVIOContext @ 000001d0b9ada780] Statistics: 102653 bytes read, 0 seeks
[image2 @ 000001d0b9a6e280] Opening 'E:/FMP/Kazi's Stuffs/Animations/LaserFX0022.png' for reading
[file @ 000001d0b9ada6c0] Setting default whitelist 'file,crypto'
[AVIOContext @ 000001d0b9ada780] Statistics: 102653 bytes read, 0 seeks
[image2 @ 000001d0b9a6e280] Opening 'E:/FMP/Kazi's Stuffs/Animations/LaserFX0023.png' for reading
[file @ 000001d0b9ada6c0] Setting default whitelist 'file,crypto'
[AVIOContext @ 000001d0b9ada780] Statistics: 102653 bytes read, 0 seeks
[image2 @ 000001d0b9a6e280] Opening 'E:/FMP/Kazi's Stuffs/Animations/LaserFX0024.png' for reading
[file @ 000001d0b9ada6c0] Setting default whitelist 'file,crypto'
[AVIOContext @ 000001d0b9ada780] Statistics: 102653 bytes read, 0 seeks
[image2 @ 000001d0b9a6e280] Opening 'E:/FMP/Kazi's Stuffs/Animations/LaserFX0025.png' for reading
[file @ 000001d0b9ada6c0] Setting default whitelist 'file,crypto'
[AVIOContext @ 000001d0b9ada780] Statistics: 102653 bytes read, 0 seeks
[image2 @ 000001d0b9a6e280] Opening 'E:/FMP/Kazi's Stuffs/Animations/LaserFX0026.png' for reading
[file @ 000001d0b9ada6c0] Setting default whitelist 'file,crypto'
[AVIOContext @ 000001d0b9ada780] Statistics: 102653 bytes read, 0 seeks
[image2 @ 000001d0b9a6e280] Opening 'E:/FMP/Kazi's Stuffs/Animations/LaserFX0027.png' for reading
[file @ 000001d0b9ada6c0] Setting default whitelist 'file,crypto'
[AVIOContext @ 000001d0b9ada780] Statistics: 102653 bytes read, 0 seeks
[image2 @ 000001d0b9a6e280] Opening 'E:/FMP/Kazi's Stuffs/Animations/LaserFX0028.png' for reading
[file @ 000001d0b9ada6c0] Setting default whitelist 'file,crypto'
[AVIOContext @ 000001d0b9ada780] Statistics: 102653 bytes read, 0 seeks
[image2 @ 000001d0b9a6e280] Opening 'E:/FMP/Kazi's Stuffs/Animations/LaserFX0029.png' for reading
[file @ 000001d0b9ada6c0] Setting default whitelist 'file,crypto'
[AVIOContext @ 000001d0b9ada780] Statistics: 102653 bytes read, 0 seeks
[image2 @ 000001d0b9a6e280] Opening 'E:/FMP/Kazi's Stuffs/Animations/LaserFX0030.png' for reading
[file @ 000001d0b9ada6c0] Setting default whitelist 'file,crypto'
[AVIOContext @ 000001d0b9ada780] Statistics: 102653 bytes read, 0 seeks
[image2 @ 000001d0b9a6e280] Opening 'E:/FMP/Kazi's Stuffs/Animations/LaserFX0031.png' for reading
[file @ 000001d0b9ada6c0] Setting default whitelist 'file,crypto'
[AVIOContext @ 000001d0b9ada780] Statistics: 102653 bytes read, 0 seeks
[image2 @ 000001d0b9a6e280] Opening 'E:/FMP/Kazi's Stuffs/Animations/LaserFX0032.png' for reading
[file @ 000001d0b9ada6c0] Setting default whitelist 'file,crypto'
[AVIOContext @ 000001d0b9ada780] Statistics: 102653 bytes read, 0 seeks
[image2 @ 000001d0b9a6e280] Opening 'E:/FMP/Kazi's Stuffs/Animations/LaserFX0033.png' for reading
[file @ 000001d0b9ada6c0] Setting default whitelist 'file,crypto'
[AVIOContext @ 000001d0b9ada780] Statistics: 102653 bytes read, 0 seeks
[image2 @ 000001d0b9a6e280] Opening 'E:/FMP/Kazi's Stuffs/Animations/LaserFX0034.png' for reading
[file @ 000001d0b9ada6c0] Setting default whitelist 'file,crypto'
[AVIOContext @ 000001d0b9ada780] Statistics: 102653 bytes read, 0 seeks
[image2 @ 000001d0b9a6e280] Opening 'E:/FMP/Kazi's Stuffs/Animations/LaserFX0035.png' for reading
[file @ 000001d0b9ada6c0] Setting default whitelist 'file,crypto'
[AVIOContext @ 000001d0b9ada780] Statistics: 102653 bytes read, 0 seeks
[image2 @ 000001d0b9a6e280] Opening 'E:/FMP/Kazi's Stuffs/Animations/LaserFX0036.png' for reading
[file @ 000001d0b9ada6c0] Setting default whitelist 'file,crypto'
[AVIOContext @ 000001d0b9ada780] Statistics: 102653 bytes read, 0 seeks
[image2 @ 000001d0b9a6e280] Opening 'E:/FMP/Kazi's Stuffs/Animations/LaserFX0037.png' for reading
[file @ 000001d0b9ada6c0] Setting default whitelist 'file,crypto'
[AVIOContext @ 000001d0b9ada780] Statistics: 102653 bytes read, 0 seeks
[image2 @ 000001d0b9a6e280] Opening 'E:/FMP/Kazi's Stuffs/Animations/LaserFX0038.png' for reading
[file @ 000001d0b9ada6c0] Setting default whitelist 'file,crypto'
[AVIOContext @ 000001d0b9ada780] Statistics: 102653 bytes read, 0 seeks
[image2 @ 000001d0b9a6e280] Opening 'E:/FMP/Kazi's Stuffs/Animations/LaserFX0039.png' for reading
[file @ 000001d0b9ada6c0] Setting default whitelist 'file,crypto'
[AVIOContext @ 000001d0b9ada780] Statistics: 102653 bytes read, 0 seeks
[image2 @ 000001d0b9a6e280] Opening 'E:/FMP/Kazi's Stuffs/Animations/LaserFX0040.png' for reading
[file @ 000001d0b9ada6c0] Setting default whitelist 'file,crypto'
[AVIOContext @ 000001d0b9ada780] Statistics: 102653 bytes read, 0 seeks
[image2 @ 000001d0b9a6e280] Opening 'E:/FMP/Kazi's Stuffs/Animations/LaserFX0041.png' for reading
[file @ 000001d0b9ada6c0] Setting default whitelist 'file,crypto'
[AVIOContext @ 000001d0b9ada780] Statistics: 102653 bytes read, 0 seeks
[image2 @ 000001d0b9a6e280] Opening 'E:/FMP/Kazi's Stuffs/Animations/LaserFX0042.png' for reading
[file @ 000001d0b9ada6c0] Setting default whitelist 'file,crypto'
[AVIOContext @ 000001d0b9ada780] Statistics: 102653 bytes read, 0 seeks
[image2 @ 000001d0b9a6e280] Opening 'E:/FMP/Kazi's Stuffs/Animations/LaserFX0043.png' for reading
[file @ 000001d0b9ada6c0] Setting default whitelist 'file,crypto'
[AVIOContext @ 000001d0b9ada780] Statistics: 102653 bytes read, 0 seeks
[image2 @ 000001d0b9a6e280] Opening 'E:/FMP/Kazi's Stuffs/Animations/LaserFX0044.png' for reading
[file @ 000001d0b9ada6c0] Setting default whitelist 'file,crypto'
[AVIOContext @ 000001d0b9ada780] Statistics: 102653 bytes read, 0 seeks
[image2 @ 000001d0b9a6e280] Opening 'E:/FMP/Kazi's Stuffs/Animations/LaserFX0045.png' for reading
[file @ 000001d0b9ada6c0] Setting default whitelist 'file,crypto'
[AVIOContext @ 000001d0b9ada780] Statistics: 102653 bytes read, 0 seeks
[image2 @ 000001d0b9a6e280] Opening 'E:/FMP/Kazi's Stuffs/Animations/LaserFX0046.png' for reading
[file @ 000001d0b9ada6c0] Setting default whitelist 'file,crypto'
[AVIOContext @ 000001d0b9ada780] Statistics: 102653 bytes read, 0 seeks
[image2 @ 000001d0b9a6e280] Opening 'E:/FMP/Kazi's Stuffs/Animations/LaserFX0047.png' for reading
[file @ 000001d0b9ada6c0] Setting default whitelist 'file,crypto'
[AVIOContext @ 000001d0b9ada780] Statistics: 102653 bytes read, 0 seeks
[image2 @ 000001d0b9a6e280] Opening 'E:/FMP/Kazi's Stuffs/Animations/LaserFX0048.png' for reading
[file @ 000001d0b9ada6c0] Setting default whitelist 'file,crypto'
[AVIOContext @ 000001d0b9ada780] Statistics: 102653 bytes read, 0 seeks
[image2 @ 000001d0b9a6e280] Opening 'E:/FMP/Kazi's Stuffs/Animations/LaserFX0049.png' for reading
[file @ 000001d0b9ada6c0] Setting default whitelist 'file,crypto'
[AVIOContext @ 000001d0b9ada780] Statistics: 102653 bytes read, 0 seeks
[image2 @ 000001d0b9a6e280] Opening 'E:/FMP/Kazi's Stuffs/Animations/LaserFX0050.png' for reading
[file @ 000001d0b9ada6c0] Setting default whitelist 'file,crypto'
[AVIOContext @ 000001d0b9ada780] Statistics: 102653 bytes read, 0 seeks
[image2 @ 000001d0b9a6e280] Probe buffer size limit of 5000000 bytes reached
Input #0, image2, from 'E:/FMP/Kazi's Stuffs/Animations/LaserFX%04d.png':
  Duration: 00:00:02.04, start: 0.000000, bitrate: N/A
    Stream #0:0, 51, 1/25: Video: png, 1 reference frame, rgba(pc), 1920x1080 [SAR 11811:11811 DAR 16:9], 0/1, 25 fps, 25 tbr, 25 tbn, 25 tbc
Successfully opened the file.
Parsing a group of options: input url E:/FMP/Kazi's Stuffs/Animations/palette.png.
Successfully parsed a group of options.
Opening an input file: E:/FMP/Kazi's Stuffs/Animations/palette.png.
[NULL @ 000001d0b9a70500] Opening 'E:/FMP/Kazi's Stuffs/Animations/palette.png' for reading
[file @ 000001d0b9a88440] Setting default whitelist 'file,crypto'
[png_pipe @ 000001d0b9a70500] Format png_pipe probed with size=2048 and score=99
[png_pipe @ 000001d0b9a70500] Before avformat_find_stream_info() pos: 0 bytes read:1032 seeks:0 nb_streams:1
[png_pipe @ 000001d0b9a70500] After avformat_find_stream_info() pos: 1032 bytes read:1032 seeks:0 frames:1
Input #1, png_pipe, from 'E:/FMP/Kazi's Stuffs/Animations/palette.png':
  Duration: N/A, bitrate: N/A
    Stream #1:0, 1, 1/25: Video: png, 1 reference frame, rgba(pc), 16x16 [SAR 1:1 DAR 1:1], 0/1, 25 tbr, 25 tbn, 25 tbc
Successfully opened the file.
Parsing a group of options: output url E:/FMP/Kazi's Stuffs/Animations/Bed Death.gif.
Successfully parsed a group of options.
Opening an output file: E:/FMP/Kazi's Stuffs/Animations/Bed Death.gif.
[file @ 000001d0ba820000] Setting default whitelist 'file,crypto'
Successfully opened the file.
detected 6 logical cores
Stream mapping:
  Stream #0:0 (png) -> paletteuse:default
  Stream #1:0 (png) -> paletteuse:palette
  paletteuse -> Stream #0:0 (gif)
cur_dts is invalid st:0 (0) [init:0 i_done:0 finish:0] (this is harmless if it occurs once at the start per stream)
    Last message repeated 144 times
[image2 @ 000001d0b9a6e280] Thread message queue blocking; consider raising the thread_queue_size option (current value: 8)
cur_dts is invalid st:0 (0) [init:0 i_done:0 finish:0] (this is harmless if it occurs once at the start per stream)
    Last message repeated 6 times
[graph 0 input from stream 0:0 @ 000001d0b9a8fb00] Setting 'video_size' to value '1920x1080'
[graph 0 input from stream 0:0 @ 000001d0b9a8fb00] Setting 'pix_fmt' to value '26'
[graph 0 input from stream 0:0 @ 000001d0b9a8fb00] Setting 'time_base' to value '1/24'
[graph 0 input from stream 0:0 @ 000001d0b9a8fb00] Setting 'pixel_aspect' to value '11811/11811'
[graph 0 input from stream 0:0 @ 000001d0b9a8fb00] Setting 'sws_param' to value 'flags=2'
[graph 0 input from stream 0:0 @ 000001d0b9a8fb00] Setting 'frame_rate' to value '24/1'
[graph 0 input from stream 0:0 @ 000001d0b9a8fb00] w:1920 h:1080 pixfmt:rgba tb:1/24 fr:24/1 sar:11811/11811 sws_param:flags=2
[graph 0 input from stream 1:0 @ 000001d0b9aee840] Setting 'video_size' to value '16x16'
[graph 0 input from stream 1:0 @ 000001d0b9aee840] Setting 'pix_fmt' to value '26'
[graph 0 input from stream 1:0 @ 000001d0b9aee840] Setting 'time_base' to value '1/25'
[graph 0 input from stream 1:0 @ 000001d0b9aee840] Setting 'pixel_aspect' to value '1/1'
[graph 0 input from stream 1:0 @ 000001d0b9aee840] Setting 'sws_param' to value 'flags=2'
[graph 0 input from stream 1:0 @ 000001d0b9aee840] Setting 'frame_rate' to value '25/1'
[graph 0 input from stream 1:0 @ 000001d0b9aee840] w:16 h:16 pixfmt:rgba tb:1/25 fr:25/1 sar:1/1 sws_param:flags=2
[format @ 000001d0b9aeeec0] Setting 'pix_fmts' to value 'rgb8|bgr8|rgb4_byte|bgr4_byte|gray|pal8'
[auto_scaler_0 @ 000001d0bab46380] w:iw h:ih flags:'bilinear' interl:0
[Parsed_paletteuse_0 @ 000001d0b9aa1d40] auto-inserting filter 'auto_scaler_0' between the filter 'graph 0 input from stream 0:0' and the filter 'Parsed_paletteuse_0'
[auto_scaler_1 @ 000001d0bab46740] w:iw h:ih flags:'bilinear' interl:0
[Parsed_paletteuse_0 @ 000001d0b9aa1d40] auto-inserting filter 'auto_scaler_1' between the filter 'graph 0 input from stream 1:0' and the filter 'Parsed_paletteuse_0'
[AVFilterGraph @ 000001d0b9a88ac0] query_formats: 5 queried, 2 merged, 2 already done, 0 delayed
[swscaler @ 000001d0bac10a80] Forcing full internal H chroma due to input having non subsampled chroma
[auto_scaler_0 @ 000001d0bab46380] w:1920 h:1080 fmt:rgba sar:11811/11811 -> w:1920 h:1080 fmt:bgra sar:1/1 flags:0x2
[swscaler @ 000001d0bac1d9c0] Forcing full internal H chroma due to input having non subsampled chroma
[auto_scaler_1 @ 000001d0bab46740] w:16 h:16 fmt:rgba sar:1/1 -> w:16 h:16 fmt:bgra sar:1/1 flags:0x2
[Parsed_paletteuse_0 @ 000001d0b9aa1d40] [framesync @ 000001d0bab8d048] Selected 1/600 time base
[Parsed_paletteuse_0 @ 000001d0b9aa1d40] [framesync @ 000001d0bab8d048] Sync level 2
Output #0, gif, to 'E:/FMP/Kazi's Stuffs/Animations/Bed Death.gif':
  Metadata:
    encoder         : Lavf58.35.100
    Stream #0:0, 0, 1/100: Video: gif, 1 reference frame, pal8, 1920x1080 [SAR 1:1 DAR 16:9], 0/1, q=2-31, 200 kb/s, 24 fps, 100 tbn, 24 tbc (default)
    Metadata:
      encoder         : Lavc58.62.100 gif
Clipping frame in rate conversion by 0.000008
[gif @ 000001d0ba81f300] 1x1 image at pos (1919;1079) [area:1920x1080]
[gif @ 000001d0ba81f300] 1085x263 image at pos (442;545) [area:1920x1080]
[gif @ 000001d0ba81f300] 1x1 image at pos (1919;1079) [area:1920x1080]
[gif @ 000001d0ba81f300] 1089x620 image at pos (438;329) [area:1920x1080]
[gif @ 000001d0ba81f300] 1x1 image at pos (1919;1079) [area:1920x1080]
[gif @ 000001d0ba81f300] 1112x892 image at pos (432;146) [area:1920x1080]
frame=    7 fps=0.0 q=-0.0 size=      47kB time=00:00:00.26 bitrate=1476.6kbits/s speed=0.494x    [gif @ 000001d0ba81f300] 1x1 image at pos (1919;1079) [area:1920x1080]
[gif @ 000001d0ba81f300] 1112x892 image at pos (432;146) [area:1920x1080]
[gif @ 000001d0ba81f300] 1x1 image at pos (1919;1079) [area:1920x1080]
[gif @ 000001d0ba81f300] 1086x850 image at pos (438;167) [area:1920x1080]
[gif @ 000001d0ba81f300] 1x1 image at pos (1919;1079) [area:1920x1080]
[gif @ 000001d0ba81f300] 1073x771 image at pos (446;216) [area:1920x1080]
[gif @ 000001d0ba81f300] 1x1 image at pos (1919;1079) [area:1920x1080]
frame=   14 fps= 13 q=-0.0 size=     169kB time=00:00:00.55 bitrate=2520.6kbits/s speed=0.518x    [gif @ 000001d0ba81f300] 1060x731 image at pos (447;221) [area:1920x1080]
[gif @ 000001d0ba81f300] 1x1 image at pos (1919;1079) [area:1920x1080]
[gif @ 000001d0ba81f300] 1065x710 image at pos (442;222) [area:1920x1080]
[gif @ 000001d0ba81f300] 1x1 image at pos (1919;1079) [area:1920x1080]
    Last message repeated 4 times
frame=   22 fps= 13 q=-0.0 size=     226kB time=00:00:00.89 bitrate=2081.5kbits/s speed=0.546x    [gif @ 000001d0ba81f300] 1x1 image at pos (1919;1079) [area:1920x1080]
    Last message repeated 7 times
frame=   30 fps= 14 q=-0.0 size=     226kB time=00:00:01.22 bitrate=1519.8kbits/s speed=0.562x    [gif @ 000001d0ba81f300] 1x1 image at pos (1919;1079) [area:1920x1080]
    Last message repeated 7 times
frame=   38 fps= 14 q=-0.0 size=     227kB time=00:00:01.55 bitrate=1197.2kbits/s speed=0.57x    [gif @ 000001d0ba81f300] 1x1 image at pos (1919;1079) [area:1920x1080]
    Last message repeated 7 times
frame=   46 fps= 14 q=-0.0 size=     227kB time=00:00:01.89 bitrate= 982.7kbits/s speed=0.581x    [gif @ 000001d0ba81f300] 1x1 image at pos (1919;1079) [area:1920x1080]
    Last message repeated 4 times
[Parsed_paletteuse_0 @ 000001d0b9aa1d40] [framesync @ 000001d0bab8d048] Sync level 0
[out_0_0 @ 000001d0b9aeebc0] EOF on sink link out_0_0:default.
No more output streams to write to, finishing.
frame=   51 fps= 14 q=-0.0 Lsize=     227kB time=00:00:02.09 bitrate= 889.2kbits/s speed=0.574x    
[AVIOContext @ 000001d0b9a6e000] Statistics: 0 seeks, 7 writeouts
video:227kB audio:0kB subtitle:0kB other streams:0kB global headers:0kB muxing overhead: 0.008610%
Input file #0 (E:/FMP/Kazi's Stuffs/Animations/LaserFX%04d.png):
  Input stream #0:0 (video): 51 packets read (5099211 bytes); 51 frames decoded; 
  Total: 51 packets (5099211 bytes) demuxed
Input file #1 (E:/FMP/Kazi's Stuffs/Animations/palette.png):
  Input stream #1:0 (video): 1 packets read (1032 bytes); 1 frames decoded; 
  Total: 1 packets (1032 bytes) demuxed
Output file #0 (E:/FMP/Kazi's Stuffs/Animations/Bed Death.gif):
  Output stream #0:0 (video): 51 frames encoded; 51 packets muxed (232294 bytes); 
  Total: 51 packets (232294 bytes) muxed
52 frames successfully decoded, 0 decoding errors
[AVIOContext @ 000001d0ba820100] Statistics: 0 seeks, 1 writeouts
[AVIOContext @ 000001d0b9a88540] Statistics: 1032 bytes read, 0 seeks
